<?xml version="1.0" encoding="UTF-8"?>
<!-- Generated by org.testng.reporters.JUnitReportReporter -->
<testsuite hostname="PNVD113" name="mobileTest.RegisterUnsuccessfully" tests="2" failures="2" timestamp="3 Sep 2020 03:21:59 GMT" time="96.682" errors="0">
  <testcase name="blankForAllRequireFields" time="57.287" classname="mobileTest.RegisterUnsuccessfully">
    <failure type="org.openqa.selenium.NoSuchElementException" message="An element could not be located on the page using the given search parameters. (WARNING: The server did not provide any stacktrace information)
Command duration or timeout: 30.29 seconds
For documentation on this error, please visit: http://seleniumhq.org/exceptions/no_such_element.html
Build info: version: &#039;2.46.0&#039;, revision: &#039;61506a4624b13675f24581e453592342b7485d71&#039;, time: &#039;2015-06-04 10:22:50&#039;
System info: host: &#039;PNVD113&#039;, ip: &#039;192.168.37.1&#039;, os.name: &#039;Windows 10&#039;, os.arch: &#039;amd64&#039;, os.version: &#039;10.0&#039;, java.version: &#039;1.8.0_261&#039;
Driver info: io.appium.java_client.android.AndroidDriver
Capabilities [{app=C:\Users\Administrator\AppData\Local\Android\Sdk\platform-tools\app-release1.apk, appPackage=com.nail, deviceScreenSize=1440x2560, networkConnectionEnabled=true, warnings={}, appWaitActivity=SplashActivity, SplashActivity,OtherActivity, *, *.SplashActivity, appWaitPackage=com.nail, databaseEnabled=false, deviceName=emulator-5554, version=7.1.1, platform=LINUX, deviceUDID=emulator-5554, appActivity=com.nail.MainActivity, desired={app=C:\Users\Administrator\AppData\Local\Android\Sdk\platform-tools\app-release1.apk, appWaitActivity=SplashActivity, SplashActivity,OtherActivity, *, *.SplashActivity, platformName=Android, deviceName=Pixel XL API 25, version=7.1.1}, platformVersion=7.1.1, webStorageEnabled=false, locationContextEnabled=false, takesScreenshot=true, javascriptEnabled=true, deviceModel=Android SDK built for x86, platformName=Android, deviceManufacturer=Google}]
Session ID: 2597e457-bcbb-4beb-a709-fb9ab6784ed4
*** Element info: {Using=xpath, value=//android.view.ViewGroup[@bounds=&#039;[60,1150][660,1243]&#039;]}">
      <![CDATA[org.openqa.selenium.NoSuchElementException: An element could not be located on the page using the given search parameters. (WARNING: The server did not provide any stacktrace information)
Command duration or timeout: 30.29 seconds
For documentation on this error, please visit: http://seleniumhq.org/exceptions/no_such_element.html
Build info: version: '2.46.0', revision: '61506a4624b13675f24581e453592342b7485d71', time: '2015-06-04 10:22:50'
System info: host: 'PNVD113', ip: '192.168.37.1', os.name: 'Windows 10', os.arch: 'amd64', os.version: '10.0', java.version: '1.8.0_261'
Driver info: io.appium.java_client.android.AndroidDriver
Capabilities [{app=C:\Users\Administrator\AppData\Local\Android\Sdk\platform-tools\app-release1.apk, appPackage=com.nail, deviceScreenSize=1440x2560, networkConnectionEnabled=true, warnings={}, appWaitActivity=SplashActivity, SplashActivity,OtherActivity, *, *.SplashActivity, appWaitPackage=com.nail, databaseEnabled=false, deviceName=emulator-5554, version=7.1.1, platform=LINUX, deviceUDID=emulator-5554, appActivity=com.nail.MainActivity, desired={app=C:\Users\Administrator\AppData\Local\Android\Sdk\platform-tools\app-release1.apk, appWaitActivity=SplashActivity, SplashActivity,OtherActivity, *, *.SplashActivity, platformName=Android, deviceName=Pixel XL API 25, version=7.1.1}, platformVersion=7.1.1, webStorageEnabled=false, locationContextEnabled=false, takesScreenshot=true, javascriptEnabled=true, deviceModel=Android SDK built for x86, platformName=Android, deviceManufacturer=Google}]
Session ID: 2597e457-bcbb-4beb-a709-fb9ab6784ed4
*** Element info: {Using=xpath, value=//android.view.ViewGroup[@bounds='[60,1150][660,1243]']}
	at sun.reflect.NativeConstructorAccessorImpl.newInstance0(Native Method)
	at sun.reflect.NativeConstructorAccessorImpl.newInstance(Unknown Source)
	at sun.reflect.DelegatingConstructorAccessorImpl.newInstance(Unknown Source)
	at java.lang.reflect.Constructor.newInstance(Unknown Source)
	at org.openqa.selenium.remote.ErrorHandler.createThrowable(ErrorHandler.java:204)
	at org.openqa.selenium.remote.ErrorHandler.throwIfResponseFailed(ErrorHandler.java:156)
	at org.openqa.selenium.remote.RemoteWebDriver.execute(RemoteWebDriver.java:605)
	at io.appium.java_client.DefaultGenericMobileDriver.execute(DefaultGenericMobileDriver.java:27)
	at io.appium.java_client.AppiumDriver.execute(AppiumDriver.java:1)
	at io.appium.java_client.android.AndroidDriver.execute(AndroidDriver.java:1)
	at org.openqa.selenium.remote.RemoteWebDriver.findElement(RemoteWebDriver.java:358)
	at org.openqa.selenium.remote.RemoteWebDriver.findElementByXPath(RemoteWebDriver.java:455)
	at io.appium.java_client.DefaultGenericMobileDriver.findElementByXPath(DefaultGenericMobileDriver.java:99)
	at io.appium.java_client.AppiumDriver.findElementByXPath(AppiumDriver.java:1)
	at io.appium.java_client.android.AndroidDriver.findElementByXPath(AndroidDriver.java:1)
	at org.openqa.selenium.By$ByXPath.findElement(By.java:358)
	at org.openqa.selenium.remote.RemoteWebDriver.findElement(RemoteWebDriver.java:350)
	at io.appium.java_client.DefaultGenericMobileDriver.findElement(DefaultGenericMobileDriver.java:37)
	at io.appium.java_client.AppiumDriver.findElement(AppiumDriver.java:1)
	at io.appium.java_client.android.AndroidDriver.findElement(AndroidDriver.java:1)
	at mobileTest.RegisterUnsuccessfully.blankForAllRequireFields(RegisterUnsuccessfully.java:86)
	at sun.reflect.NativeMethodAccessorImpl.invoke0(Native Method)
	at sun.reflect.NativeMethodAccessorImpl.invoke(Unknown Source)
	at sun.reflect.DelegatingMethodAccessorImpl.invoke(Unknown Source)
	at java.lang.reflect.Method.invoke(Unknown Source)
	at org.testng.internal.MethodInvocationHelper.invokeMethod(MethodInvocationHelper.java:80)
	at org.testng.internal.Invoker.invokeMethod(Invoker.java:714)
	at org.testng.internal.Invoker.invokeTestMethod(Invoker.java:901)
	at org.testng.internal.Invoker.invokeTestMethods(Invoker.java:1231)
	at org.testng.internal.TestMethodWorker.invokeTestMethods(TestMethodWorker.java:127)
	at org.testng.internal.TestMethodWorker.run(TestMethodWorker.java:111)
	at org.testng.TestRunner.privateRun(TestRunner.java:767)
	at org.testng.TestRunner.run(TestRunner.java:617)
	at org.testng.SuiteRunner.runTest(SuiteRunner.java:334)
	at org.testng.SuiteRunner.runSequentially(SuiteRunner.java:329)
	at org.testng.SuiteRunner.privateRun(SuiteRunner.java:291)
	at org.testng.SuiteRunner.run(SuiteRunner.java:240)
	at org.testng.SuiteRunnerWorker.runSuite(SuiteRunnerWorker.java:52)
	at org.testng.SuiteRunnerWorker.run(SuiteRunnerWorker.java:86)
	at org.testng.TestNG.runSuitesSequentially(TestNG.java:1198)
	at org.testng.TestNG.runSuitesLocally(TestNG.java:1123)
	at org.testng.TestNG.run(TestNG.java:1031)
	at org.testng.remote.AbstractRemoteTestNG.run(AbstractRemoteTestNG.java:115)
	at org.testng.remote.RemoteTestNG.initAndRun(RemoteTestNG.java:251)
	at org.testng.remote.RemoteTestNG.main(RemoteTestNG.java:77)
]]>
    </failure>
  </testcase> <!-- blankForAllRequireFields -->
  <testcase name="inputUserName" time="39.395" classname="mobileTest.RegisterUnsuccessfully">
    <failure type="org.openqa.selenium.NoSuchElementException" message="An element could not be located on the page using the given search parameters. (WARNING: The server did not provide any stacktrace information)
Command duration or timeout: 30.09 seconds
For documentation on this error, please visit: http://seleniumhq.org/exceptions/no_such_element.html
Build info: version: &#039;2.46.0&#039;, revision: &#039;61506a4624b13675f24581e453592342b7485d71&#039;, time: &#039;2015-06-04 10:22:50&#039;
System info: host: &#039;PNVD113&#039;, ip: &#039;192.168.37.1&#039;, os.name: &#039;Windows 10&#039;, os.arch: &#039;amd64&#039;, os.version: &#039;10.0&#039;, java.version: &#039;1.8.0_261&#039;
Driver info: io.appium.java_client.android.AndroidDriver
Capabilities [{app=C:\Users\Administrator\AppData\Local\Android\Sdk\platform-tools\app-release1.apk, appPackage=com.nail, deviceScreenSize=1440x2560, networkConnectionEnabled=true, warnings={}, appWaitActivity=SplashActivity, SplashActivity,OtherActivity, *, *.SplashActivity, appWaitPackage=com.nail, databaseEnabled=false, deviceName=emulator-5554, version=7.1.1, platform=LINUX, deviceUDID=emulator-5554, appActivity=com.nail.MainActivity, desired={app=C:\Users\Administrator\AppData\Local\Android\Sdk\platform-tools\app-release1.apk, appWaitActivity=SplashActivity, SplashActivity,OtherActivity, *, *.SplashActivity, platformName=Android, deviceName=Pixel XL API 25, version=7.1.1}, platformVersion=7.1.1, webStorageEnabled=false, locationContextEnabled=false, takesScreenshot=true, javascriptEnabled=true, deviceModel=Android SDK built for x86, platformName=Android, deviceManufacturer=Google}]
Session ID: 2597e457-bcbb-4beb-a709-fb9ab6784ed4
*** Element info: {Using=xpath, value=//android.view.ViewGroup[@bounds=&#039;[60,1150][660,1243]&#039;]}">
      <![CDATA[org.openqa.selenium.NoSuchElementException: An element could not be located on the page using the given search parameters. (WARNING: The server did not provide any stacktrace information)
Command duration or timeout: 30.09 seconds
For documentation on this error, please visit: http://seleniumhq.org/exceptions/no_such_element.html
Build info: version: '2.46.0', revision: '61506a4624b13675f24581e453592342b7485d71', time: '2015-06-04 10:22:50'
System info: host: 'PNVD113', ip: '192.168.37.1', os.name: 'Windows 10', os.arch: 'amd64', os.version: '10.0', java.version: '1.8.0_261'
Driver info: io.appium.java_client.android.AndroidDriver
Capabilities [{app=C:\Users\Administrator\AppData\Local\Android\Sdk\platform-tools\app-release1.apk, appPackage=com.nail, deviceScreenSize=1440x2560, networkConnectionEnabled=true, warnings={}, appWaitActivity=SplashActivity, SplashActivity,OtherActivity, *, *.SplashActivity, appWaitPackage=com.nail, databaseEnabled=false, deviceName=emulator-5554, version=7.1.1, platform=LINUX, deviceUDID=emulator-5554, appActivity=com.nail.MainActivity, desired={app=C:\Users\Administrator\AppData\Local\Android\Sdk\platform-tools\app-release1.apk, appWaitActivity=SplashActivity, SplashActivity,OtherActivity, *, *.SplashActivity, platformName=Android, deviceName=Pixel XL API 25, version=7.1.1}, platformVersion=7.1.1, webStorageEnabled=false, locationContextEnabled=false, takesScreenshot=true, javascriptEnabled=true, deviceModel=Android SDK built for x86, platformName=Android, deviceManufacturer=Google}]
Session ID: 2597e457-bcbb-4beb-a709-fb9ab6784ed4
*** Element info: {Using=xpath, value=//android.view.ViewGroup[@bounds='[60,1150][660,1243]']}
	at sun.reflect.NativeConstructorAccessorImpl.newInstance0(Native Method)
	at sun.reflect.NativeConstructorAccessorImpl.newInstance(Unknown Source)
	at sun.reflect.DelegatingConstructorAccessorImpl.newInstance(Unknown Source)
	at java.lang.reflect.Constructor.newInstance(Unknown Source)
	at org.openqa.selenium.remote.ErrorHandler.createThrowable(ErrorHandler.java:204)
	at org.openqa.selenium.remote.ErrorHandler.throwIfResponseFailed(ErrorHandler.java:156)
	at org.openqa.selenium.remote.RemoteWebDriver.execute(RemoteWebDriver.java:605)
	at io.appium.java_client.DefaultGenericMobileDriver.execute(DefaultGenericMobileDriver.java:27)
	at io.appium.java_client.AppiumDriver.execute(AppiumDriver.java:1)
	at io.appium.java_client.android.AndroidDriver.execute(AndroidDriver.java:1)
	at org.openqa.selenium.remote.RemoteWebDriver.findElement(RemoteWebDriver.java:358)
	at org.openqa.selenium.remote.RemoteWebDriver.findElementByXPath(RemoteWebDriver.java:455)
	at io.appium.java_client.DefaultGenericMobileDriver.findElementByXPath(DefaultGenericMobileDriver.java:99)
	at io.appium.java_client.AppiumDriver.findElementByXPath(AppiumDriver.java:1)
	at io.appium.java_client.android.AndroidDriver.findElementByXPath(AndroidDriver.java:1)
	at org.openqa.selenium.By$ByXPath.findElement(By.java:358)
	at org.openqa.selenium.remote.RemoteWebDriver.findElement(RemoteWebDriver.java:350)
	at io.appium.java_client.DefaultGenericMobileDriver.findElement(DefaultGenericMobileDriver.java:37)
	at io.appium.java_client.AppiumDriver.findElement(AppiumDriver.java:1)
	at io.appium.java_client.android.AndroidDriver.findElement(AndroidDriver.java:1)
	at mobileTest.RegisterUnsuccessfully.inputUserName(RegisterUnsuccessfully.java:117)
	at sun.reflect.NativeMethodAccessorImpl.invoke0(Native Method)
	at sun.reflect.NativeMethodAccessorImpl.invoke(Unknown Source)
	at sun.reflect.DelegatingMethodAccessorImpl.invoke(Unknown Source)
	at java.lang.reflect.Method.invoke(Unknown Source)
	at org.testng.internal.MethodInvocationHelper.invokeMethod(MethodInvocationHelper.java:80)
	at org.testng.internal.Invoker.invokeMethod(Invoker.java:714)
	at org.testng.internal.Invoker.invokeTestMethod(Invoker.java:901)
	at org.testng.internal.Invoker.invokeTestMethods(Invoker.java:1231)
	at org.testng.internal.TestMethodWorker.invokeTestMethods(TestMethodWorker.java:127)
	at org.testng.internal.TestMethodWorker.run(TestMethodWorker.java:111)
	at org.testng.TestRunner.privateRun(TestRunner.java:767)
	at org.testng.TestRunner.run(TestRunner.java:617)
	at org.testng.SuiteRunner.runTest(SuiteRunner.java:334)
	at org.testng.SuiteRunner.runSequentially(SuiteRunner.java:329)
	at org.testng.SuiteRunner.privateRun(SuiteRunner.java:291)
	at org.testng.SuiteRunner.run(SuiteRunner.java:240)
	at org.testng.SuiteRunnerWorker.runSuite(SuiteRunnerWorker.java:52)
	at org.testng.SuiteRunnerWorker.run(SuiteRunnerWorker.java:86)
	at org.testng.TestNG.runSuitesSequentially(TestNG.java:1198)
	at org.testng.TestNG.runSuitesLocally(TestNG.java:1123)
	at org.testng.TestNG.run(TestNG.java:1031)
	at org.testng.remote.AbstractRemoteTestNG.run(AbstractRemoteTestNG.java:115)
	at org.testng.remote.RemoteTestNG.initAndRun(RemoteTestNG.java:251)
	at org.testng.remote.RemoteTestNG.main(RemoteTestNG.java:77)
]]>
    </failure>
  </testcase> <!-- inputUserName -->
</testsuite> <!-- mobileTest.RegisterUnsuccessfully -->
